23:58:47 [INFO] Khởi động crawler dauthau.asia
23:58:47 [INFO] Thư mục dữ liệu: C:\Users\longnpp\Documents\Work\Lumination\DauThauInfoCrawler\data
23:58:47 [INFO] Chế độ trình duyệt: True | Tải tệp: True | Delay: 2.0s
23:58:47 [INFO] Sẽ crawl 1 danh mục: van_ban_dau_thau
23:59:07 [INFO] Đã khởi động trình duyệt (headless=False).
23:59:07 [INFO] ======================================================================
23:59:07 [INFO] DANH MỤC: Văn bản đấu thầu (pháp luật)  (van_ban_dau_thau)
23:59:07 [INFO] ======================================================================
23:59:07 [INFO] [list] Trang 1: https://dauthau.asia/van-ban-dau-thau/
23:59:08 [INFO] Đã đọc robots.txt từ https://dauthau.asia/robots.txt (status 200)
23:59:53 [WARNING] Lỗi render https://dauthau.asia/van-ban-dau-thau/ (lần 1): Page.goto: Timeout 45000ms exceeded.
Call log:
  - navigating to "https://dauthau.asia/van-ban-dau-thau/", waiting until "networkidle"

00:00:02 [ERROR] Lỗi ở danh mục van_ban_dau_thau: Couldn't find a tree builder with the features you requested: lxml. Do you need to install a parser library?
Traceback (most recent call last):
  File "C:\Users\longnpp\Documents\Work\Lumination\DauThauInfoCrawler\crawler\engine.py", line 142, in run
    self.crawl_category(fetcher, cat)
  File "C:\Users\longnpp\Documents\Work\Lumination\DauThauInfoCrawler\crawler\engine.py", line 67, in crawl_category
    parsed = P.parse_list(res.html, res.final_url, self.s.base_url, category)
             ^^^^^^^^^^^^^^^^^^^^^^^^^^^^^^^^^^^^^^^^^^^^^^^^^^^^^^^^^^^^^^^^
  File "C:\Users\longnpp\Documents\Work\Lumination\DauThauInfoCrawler\crawler\parser.py", line 154, in parse_list
    soup = _soup(html)
           ^^^^^^^^^^^
  File "C:\Users\longnpp\Documents\Work\Lumination\DauThauInfoCrawler\crawler\parser.py", line 44, in _soup
    return BeautifulSoup(html or "", "lxml")
           ^^^^^^^^^^^^^^^^^^^^^^^^^^^^^^^^^
  File "C:\Users\longnpp\miniforge3\envs\work\Lib\site-packages\bs4\__init__.py", line 366, in __init__
    raise FeatureNotFound(
bs4.exceptions.FeatureNotFound: Couldn't find a tree builder with the features you requested: lxml. Do you need to install a parser library?
00:00:02 [INFO] TỔNG THỜI GIAN: 0.9 phút
00:00:03 [INFO] XONG. Dữ liệu nằm trong: C:\Users\longnpp\Documents\Work\Lumination\DauThauInfoCrawler\data
00:01:41 [INFO] Khởi động crawler dauthau.asia
00:01:41 [INFO] Thư mục dữ liệu: C:\Users\longnpp\Documents\Work\Lumination\DauThauInfoCrawler\data
00:01:41 [INFO] Chế độ trình duyệt: True | Tải tệp: True | Delay: 2.0s
00:01:41 [INFO] Sẽ crawl 1 danh mục: van_ban_dau_thau
00:01:43 [INFO] Đã khởi động trình duyệt (headless=False).
00:01:43 [INFO] ======================================================================
00:01:43 [INFO] DANH MỤC: Văn bản đấu thầu (pháp luật)  (van_ban_dau_thau)
00:01:43 [INFO] ======================================================================
00:01:43 [INFO] [list] Trang 1: https://dauthau.asia/van-ban-dau-thau/
00:01:43 [INFO] Đã đọc robots.txt từ https://dauthau.asia/robots.txt (status 200)
00:02:28 [WARNING] Lỗi render https://dauthau.asia/van-ban-dau-thau/ (lần 1): Page.goto: Timeout 45000ms exceeded.
Call log:
  - navigating to "https://dauthau.asia/van-ban-dau-thau/", waiting until "networkidle"

00:02:38 [INFO]   -> tìm thấy 89 link chi tiết mới (tổng 89).
00:02:38 [INFO] [detail] https://dauthau.asia/van-ban-dau-thau/detail/Bao-cao-tong-hop-phan-anh-kien-nghi-cua-cac-doanh-nghiep-hiep-hoi-thang-03-2021-115/
00:02:44 [INFO] Đã đọc robots.txt từ https://dauthau.asia/robots.txt (status 200)
00:02:44 [INFO]    ↓ image: calendar.gif
00:02:47 [INFO]    ↓ image: pix.gif
00:02:49 [INFO]    ↓ image: en.png
00:02:51 [INFO]    ↓ image: vi.png
00:02:54 [INFO]    ↓ image: ISO-27001.jpg
00:02:57 [INFO]    ↓ image: 1316x177_lvn.jpg
00:02:59 [INFO]    ↓ image: 292x292_lvn_edit.jpg
00:03:02 [INFO]    ↓ image: banner-dauthau.info-02.jpg
00:03:04 [INFO]    ↓ image: slide-banner-1366x320px_1.png
00:03:07 [INFO]    ↓ image: workshop1607.png
00:03:09 [INFO]    ↓ image: workshop1607_310-x-292px.png
00:03:12 [INFO]    ↓ image: handle_cert.png
00:03:14 [INFO]    ↓ image: website-thuong-mai-dien-tu-ban-hang.webp
00:03:14 [INFO]   ✔ Lưu xong (2 field, 13 ảnh, 0 đính kèm).
00:03:14 [INFO] [detail] https://dauthau.asia/van-ban-dau-thau/detail/Bieu-mau-kem-theo-Thong-tu-so-06-2017-TT-BTP-154/
00:03:20 [INFO]    ↓ image: calendar.gif
00:03:22 [INFO]    ↓ image: pix.gif
00:03:24 [INFO]    ↓ image: en.png
00:03:27 [INFO]    ↓ image: vi.png
00:03:29 [INFO]    ↓ image: ISO-27001.jpg
00:03:32 [INFO]    ↓ image: 292x292_lvn_edit.jpg
00:03:35 [INFO]    ↓ image: banner-dauthau.info-02.jpg
00:03:37 [INFO]    ↓ image: hstdt-ra-mat-quy-tu-thien-quang-cao-giua-trang-920-x-110-px-1.png
00:03:40 [INFO]    ↓ image: slide-banner-1366x320px_1.png
00:03:42 [INFO]    ↓ image: workshop1607.png
00:03:45 [INFO]    ↓ image: workshop1607_310-x-292px.png
00:03:47 [INFO]    ↓ image: handle_cert.png
00:03:49 [INFO]    ↓ image: website-thuong-mai-dien-tu-ban-hang.webp
00:03:49 [INFO]   ✔ Lưu xong (20 field, 13 ảnh, 0 đính kèm).
00:03:49 [INFO] [detail] https://dauthau.asia/van-ban-dau-thau/detail/Cong-van-1473-STP-TCDT-ve-viec-xet-tang-ky-niem-chuong-Vi-su-nghiep-Tu-phap-nam-2020-85/
00:03:55 [INFO]    ↓ image: calendar.gif
00:03:57 [INFO]    ↓ image: pix.gif
00:04:00 [INFO]    ↓ image: en.png
00:04:02 [INFO]    ↓ image: vi.png
00:04:04 [INFO]    ↓ image: ISO-27001.jpg
00:04:07 [INFO]    ↓ image: 292x292_lvn_edit.jpg
00:04:09 [INFO]    ↓ image: banner-dauthau.info-02.jpg
00:04:12 [INFO]    ↓ image: huong-dan-su-dung.jpg
00:04:15 [INFO]    ↓ image: slide-banner-1366x320px_1.png
00:04:17 [INFO]    ↓ image: workshop1607.png
00:04:20 [INFO]    ↓ image: workshop1607_310-x-292px.png
00:04:22 [INFO]    ↓ image: handle_cert.png
00:04:24 [INFO]    ↓ image: website-thuong-mai-dien-tu-ban-hang.webp
00:04:24 [INFO]   ✔ Lưu xong (0 field, 13 ảnh, 0 đính kèm).
00:04:24 [INFO] [detail] https://dauthau.asia/van-ban-dau-thau/detail/Cong-van-534-BTP-BTTP-cua-Bo-Tu-Phap-ve-huong-dan-nghiep-vu-Dau-gia-tai-san-88/
00:04:30 [INFO]    ↓ image: calendar.gif
00:04:32 [INFO]    ↓ image: pix.gif
00:04:34 [INFO]    ↓ image: en.png
00:04:37 [INFO]    ↓ image: vi.png
00:04:39 [INFO]    ↓ image: ISO-27001.jpg
00:04:42 [INFO]    ↓ image: banner-dauthau.info-02.jpg
00:04:44 [INFO]    ↓ image: hstdt-ra-mat-quy-tu-thien-quang-cao-phai-292-x-292-px.png
00:04:48 [INFO]    ↓ image: slide-banner-1366x320px_1.png
00:04:50 [INFO]    ↓ image: workshop1607.png
00:04:52 [INFO]    ↓ image: workshop1607_310-x-292px.png
00:04:54 [INFO]    ↓ image: workshop1607_920-x-110px.png
00:04:57 [INFO]    ↓ image: handle_cert.png
00:05:00 [INFO]    ↓ image: website-thuong-mai-dien-tu-ban-hang.webp
00:05:00 [INFO]   ✔ Lưu xong (3 field, 13 ảnh, 0 đính kèm).
00:05:00 [INFO] [detail] https://dauthau.asia/van-ban-dau-thau/detail/Cong-van-753-STP-BTTP-ngay-18-thang-3-nam-2020-cua-So-Tu-Phap-ve-viec-thuc-hien-dich-vu-cong-truc-tuyen-muc-do-3-87/
00:05:05 [INFO]    ↓ image: calendar.gif
00:05:07 [INFO]    ↓ image: pix.gif
00:05:10 [INFO]    ↓ image: en.png
00:05:12 [INFO]    ↓ image: vi.png
00:05:15 [INFO]    ↓ image: ISO-27001.jpg
00:05:17 [INFO]    ↓ image: banner-dauthau.info-02.jpg
00:05:20 [INFO]    ↓ image: hstdt-ra-mat-quy-tu-thien-quang-cao-phai-292-x-292-px.png
00:05:22 [INFO]    ↓ image: slide-banner-1366x320px_1.png
00:05:25 [INFO]    ↓ image: workshop1607.png
00:05:27 [INFO]    ↓ image: workshop1607_310-x-292px.png
00:05:30 [INFO]    ↓ image: workshop1607_920-x-110px.png
00:05:32 [INFO]    ↓ image: handle_cert.png
00:05:34 [INFO]    ↓ image: cong-van-stp-dv-cong2.png
00:05:37 [INFO]    ↓ image: cv-so-tu-phap-dv-cong-1.png
00:05:40 [INFO]    ↓ image: website-thuong-mai-dien-tu-ban-hang.webp
00:05:40 [INFO]   ✔ Lưu xong (2 field, 15 ảnh, 0 đính kèm).
00:05:40 [INFO] Đã xuất gộp: C:\Users\longnpp\Documents\Work\Lumination\DauThauInfoCrawler\data\van_ban_dau_thau\van_ban_dau_thau_all.ndjson
00:05:40 [INFO] HOÀN TẤT danh mục 'Văn bản đấu thầu (pháp luật)': 5 bản ghi mới.
00:05:40 [INFO] TỔNG THỜI GIAN: 3.9 phút
00:05:40 [INFO] XONG. Dữ liệu nằm trong: C:\Users\longnpp\Documents\Work\Lumination\DauThauInfoCrawler\data
21:10:54 [INFO] Khởi động crawler dauthau.asia
21:10:54 [INFO] Thư mục dữ liệu: C:\Users\longnpp\Documents\Work\Lumination\DauThauInfoCrawler\data
21:10:54 [INFO] Chế độ trình duyệt: True | Tải tệp: True | Delay: 2.0s
21:10:54 [INFO] Đăng nhập bằng cookies: C:\Users\longnpp\Documents\Work\Lumination\DauThauInfoCrawler\cookies.txt
21:10:54 [INFO] Sẽ crawl 1 danh mục: thongbao_moithau
21:10:54 [INFO] Đã nạp 11 cookies từ C:\Users\longnpp\Documents\Work\Lumination\DauThauInfoCrawler\cookies.txt (đăng nhập lại phiên cũ).
21:11:05 [INFO] Khởi động crawler dauthau.asia
21:11:05 [INFO] Thư mục dữ liệu: C:\Users\longnpp\Documents\Work\Lumination\DauThauInfoCrawler\data
21:11:05 [INFO] Chế độ trình duyệt: True | Tải tệp: True | Delay: 2.0s
21:11:05 [INFO] Đăng nhập bằng cookies: C:\Users\longnpp\Documents\Work\Lumination\DauThauInfoCrawler\cookies.txt
21:11:05 [INFO] Sẽ crawl 1 danh mục: thongbao_moithau
21:11:05 [INFO] Đã nạp 11 cookies từ C:\Users\longnpp\Documents\Work\Lumination\DauThauInfoCrawler\cookies.txt (đăng nhập lại phiên cũ).
21:11:24 [INFO] Đã nạp 11 cookies từ C:\Users\longnpp\Documents\Work\Lumination\DauThauInfoCrawler\cookies.txt (đăng nhập lại phiên cũ).
21:11:24 [INFO] Đã gắn 11 cookies vào trình duyệt.
21:11:24 [INFO] Đã khởi động trình duyệt (headless=True).
21:11:25 [INFO] Đã đọc robots.txt từ https://dauthau.asia/robots.txt (status 200)
21:11:33 [INFO] ✔ ĐÃ ĐĂNG NHẬP bằng cookies — dữ liệu chi tiết sẽ đầy đủ hơn.
21:11:33 [INFO] ======================================================================
21:11:33 [INFO] DANH MỤC: Thông báo mời thầu (TBMT)  (thongbao_moithau)
21:11:33 [INFO] ======================================================================
21:11:33 [INFO] [list] Trang 1: https://dauthau.asia/thongbao/moithau/
21:11:37 [INFO]   -> tìm thấy 23 link chi tiết mới (tổng 23).
21:11:37 [INFO] [list] Trang 2: https://dauthau.asia/thongbao/moithau/?page=2
21:11:41 [INFO]   -> tìm thấy 20 link chi tiết mới (tổng 43).
21:11:41 [INFO] [detail] https://dauthau.asia/thongbao/moithau/chi-phi-xay-dung-1771942.html
21:11:46 [WARNING]   ⚠ Trang có nội dung yêu cầu đăng nhập/VIP — kiểm tra cookies nếu thiếu dữ liệu.
21:11:46 [INFO]   ✔ Lưu xong (0 field, 0 ảnh, 0 đính kèm).
21:11:46 [INFO] [detail] https://dauthau.asia/thongbao/moithau/cung-cap-lap-dat-thiet-bi-1771948.html
21:11:51 [WARNING]   ⚠ Trang có nội dung yêu cầu đăng nhập/VIP — kiểm tra cookies nếu thiếu dữ liệu.
21:11:51 [INFO]   ✔ Lưu xong (0 field, 0 ảnh, 0 đính kèm).
21:11:51 [INFO] [detail] https://dauthau.asia/thongbao/moithau/cung-cap-va-lap-dat-man-hinh-led-hoi-truong-tai-bidv-phu-xuan-1771943.html
21:11:55 [WARNING]   ⚠ Trang có nội dung yêu cầu đăng nhập/VIP — kiểm tra cookies nếu thiếu dữ liệu.
21:11:55 [INFO]   ✔ Lưu xong (0 field, 0 ảnh, 0 đính kèm).
21:11:55 [INFO] [detail] https://dauthau.asia/thongbao/moithau/cung-ung-mat-hang-nep-vit-xuong-ham-mat-luoi-va-so-nao-su-dung-12-thang-trong-nam-2026-2027-tai-benh-vien-da-1771953.html
21:12:00 [WARNING]   ⚠ Trang có nội dung yêu cầu đăng nhập/VIP — kiểm tra cookies nếu thiếu dữ liệu.
21:12:00 [INFO]   ✔ Lưu xong (0 field, 0 ảnh, 0 đính kèm).
21:12:00 [INFO] [detail] https://dauthau.asia/thongbao/moithau/goi-thau-01-thi-cong-xay-dung-cong-trinh-duong-thon-9-1771951.html
21:12:05 [WARNING]   ⚠ Trang có nội dung yêu cầu đăng nhập/VIP — kiểm tra cookies nếu thiếu dữ liệu.
21:12:05 [INFO]   ✔ Lưu xong (0 field, 0 ảnh, 0 đính kèm).
21:12:05 [INFO] Đã xuất gộp: C:\Users\longnpp\Documents\Work\Lumination\DauThauInfoCrawler\data\thongbao_moithau\thongbao_moithau_all.ndjson
21:12:05 [INFO] HOÀN TẤT danh mục 'Thông báo mời thầu (TBMT)': 5 bản ghi mới.
21:12:05 [INFO] TỔNG THỜI GIAN: 0.5 phút
21:12:05 [INFO] XONG. Dữ liệu nằm trong: C:\Users\longnpp\Documents\Work\Lumination\DauThauInfoCrawler\data
